<?xml version="1.0" encoding="UTF-8"?>
<!-- Generated by org.testng.reporters.JUnitReportReporter -->
<testsuite hostname="Bharath_Reddy97" failures="0" tests="1" name="testCases.TC002_LoginTest" time="1.293" errors="0" timestamp="2024-12-12T15:14:51 IST" skipped="0">
  <testcase classname="testCases.TC002_LoginTest" name="verify_login" time="1.293"/>
</testsuite> <!-- testCases.TC002_LoginTest -->
