<?xml version="1.0" encoding="UTF-8"?>
<!-- Generated by org.testng.reporters.JUnitReportReporter -->
<testsuite hostname="Bharath_Reddy97" failures="0" tests="1" name="testCases.TC001_AccountRegistrationTest" time="2.941" errors="0" timestamp="2024-12-12T14:56:31 IST" skipped="0">
  <testcase classname="testCases.TC001_AccountRegistrationTest" name="verify_account_registration" time="2.941"/>
</testsuite> <!-- testCases.TC001_AccountRegistrationTest -->
